  [1m[36m (3.2ms)[0m  [1mCREATE TABLE "schema_migrations" ("version" character varying(255) NOT NULL) [0m
  [1m[35m (2.5ms)[0m  CREATE UNIQUE INDEX  "unique_schema_migrations" ON "schema_migrations"  ("version")
  [1m[36mActiveRecord::SchemaMigration Load (0.6ms)[0m  [1mSELECT "schema_migrations".* FROM "schema_migrations"[0m
Migrating to CreateUsers (20141103192328)
  [1m[35m (0.3ms)[0m  BEGIN
  [1m[36m (6.0ms)[0m  [1mCREATE TABLE "users" ("id" serial primary key, "username" character varying(255) NOT NULL, "password_digest" character varying(255) NOT NULL, "session_token" character varying(255) NOT NULL, "created_at" timestamp, "updated_at" timestamp) [0m
  [1m[35mSQL (0.8ms)[0m  INSERT INTO "schema_migrations" ("version") VALUES ($1)  [["version", "20141103192328"]]
  [1m[36m (0.6ms)[0m  [1mCOMMIT[0m
  [1m[35mActiveRecord::SchemaMigration Load (0.3ms)[0m  SELECT "schema_migrations".* FROM "schema_migrations"


Started GET "/" for 127.0.0.1 at 2014-11-03 13:20:30 -0800
  [1m[36mActiveRecord::SchemaMigration Load (0.7ms)[0m  [1mSELECT "schema_migrations".* FROM "schema_migrations"[0m
Processing by Rails::WelcomeController#index as HTML
  Rendered /Users/appacademy/.rbenv/versions/2.1.2/lib/ruby/gems/2.1.0/gems/railties-4.1.1/lib/rails/templates/rails/welcome/index.html.erb (1.8ms)
Completed 200 OK in 16ms (Views: 7.2ms | ActiveRecord: 0.0ms)


Started GET "/users/new" for 127.0.0.1 at 2014-11-03 13:20:35 -0800
Processing by UsersController#new as HTML
  Rendered users/new.html.erb within layouts/application (0.6ms)
Completed 200 OK in 582ms (Views: 570.4ms | ActiveRecord: 3.4ms)


Started GET "/users/new" for 127.0.0.1 at 2014-11-03 13:20:36 -0800
Processing by UsersController#new as HTML
  Rendered users/new.html.erb within layouts/application (0.1ms)
Completed 200 OK in 33ms (Views: 32.2ms | ActiveRecord: 0.0ms)


Started GET "/assets/users.css?body=1" for 127.0.0.1 at 2014-11-03 13:20:36 -0800


Started GET "/assets/application.css?body=1" for 127.0.0.1 at 2014-11-03 13:20:36 -0800


Started GET "/assets/jquery.js?body=1" for 127.0.0.1 at 2014-11-03 13:20:36 -0800


Started GET "/assets/jquery_ujs.js?body=1" for 127.0.0.1 at 2014-11-03 13:20:36 -0800


Started GET "/assets/application.js?body=1" for 127.0.0.1 at 2014-11-03 13:20:36 -0800


Started GET "/assets/turbolinks.js?body=1" for 127.0.0.1 at 2014-11-03 13:20:36 -0800


Started GET "/assets/users.js?body=1" for 127.0.0.1 at 2014-11-03 13:20:36 -0800


Started POST "/users" for 127.0.0.1 at 2014-11-03 13:21:06 -0800
Processing by UsersController#create as HTML
  Parameters: {"authenticity_token"=>"bTpQK5uqeRxV7vx0SlmQby3JkVeRF0VtpcEH9EhznBI=", "user"=>{"username"=>"human1", "password"=>"[FILTERED]"}}
  [1m[35m (0.2ms)[0m  BEGIN
  [1m[36mUser Exists (1.2ms)[0m  [1mSELECT  1 AS one FROM "users"  WHERE "users"."session_token" = 'DYzzMtG-TbNVwvq2gze6Dw' LIMIT 1[0m
  [1m[35mUser Exists (0.4ms)[0m  SELECT  1 AS one FROM "users"  WHERE "users"."username" = 'human1' LIMIT 1
  [1m[36mSQL (0.8ms)[0m  [1mINSERT INTO "users" ("created_at", "password_digest", "session_token", "updated_at", "username") VALUES ($1, $2, $3, $4, $5) RETURNING "id"[0m  [["created_at", "2014-11-03 21:21:06.535182"], ["password_digest", "$2a$10$4Op8pLG.cvCpb7NpfpYRUea72sq2f5TAXuP0ozoW5jy6iZhnWSksi"], ["session_token", "DYzzMtG-TbNVwvq2gze6Dw"], ["updated_at", "2014-11-03 21:21:06.535182"], ["username", "human1"]]
  [1m[35m (0.7ms)[0m  COMMIT
Redirected to http://localhost:3000/users/1
Completed 302 Found in 97ms (ActiveRecord: 3.6ms)


Started GET "/users/1" for 127.0.0.1 at 2014-11-03 13:21:06 -0800
Processing by UsersController#show as HTML
  Parameters: {"id"=>"1"}
  Rendered users/show.html.erb within layouts/application (2.6ms)
Completed 500 Internal Server Error in 5ms

ActionView::Template::Error (undefined method `username' for nil:NilClass):
    1: <%= @user.username %>
  app/views/users/show.html.erb:1:in `_app_views_users_show_html_erb___2036901883579044359_70273712312300'
  app/controllers/users_controller.rb:21:in `show'


  Rendered /Users/appacademy/.rbenv/versions/2.1.2/lib/ruby/gems/2.1.0/gems/actionpack-4.1.1/lib/action_dispatch/middleware/templates/rescues/_trace.html.erb (1.1ms)
  Rendered /Users/appacademy/.rbenv/versions/2.1.2/lib/ruby/gems/2.1.0/gems/actionpack-4.1.1/lib/action_dispatch/middleware/templates/rescues/_request_and_response.html.erb (1.0ms)
  Rendered /Users/appacademy/.rbenv/versions/2.1.2/lib/ruby/gems/2.1.0/gems/actionpack-4.1.1/lib/action_dispatch/middleware/templates/rescues/template_error.html.erb within rescues/layout (29.0ms)


Started GET "/users/1" for 127.0.0.1 at 2014-11-03 13:21:46 -0800
Processing by UsersController#show as HTML
  Parameters: {"id"=>"1"}
  Rendered users/show.html.erb within layouts/application (0.7ms)
Completed 500 Internal Server Error in 3ms

ActionView::Template::Error (undefined method `username' for nil:NilClass):
    1: <%= @user.username %>
  app/views/users/show.html.erb:1:in `_app_views_users_show_html_erb___2036901883579044359_70273712312300'
  app/controllers/users_controller.rb:22:in `show'


  Rendered /Users/appacademy/.rbenv/versions/2.1.2/lib/ruby/gems/2.1.0/gems/actionpack-4.1.1/lib/action_dispatch/middleware/templates/rescues/_trace.html.erb (1.3ms)
  Rendered /Users/appacademy/.rbenv/versions/2.1.2/lib/ruby/gems/2.1.0/gems/actionpack-4.1.1/lib/action_dispatch/middleware/templates/rescues/_request_and_response.html.erb (1.0ms)
  Rendered /Users/appacademy/.rbenv/versions/2.1.2/lib/ruby/gems/2.1.0/gems/actionpack-4.1.1/lib/action_dispatch/middleware/templates/rescues/template_error.html.erb within rescues/layout (11.1ms)


Started POST "/users" for 127.0.0.1 at 2014-11-03 13:21:50 -0800
Processing by UsersController#create as HTML
  Parameters: {"authenticity_token"=>"bTpQK5uqeRxV7vx0SlmQby3JkVeRF0VtpcEH9EhznBI=", "user"=>{"username"=>"human1", "password"=>"[FILTERED]"}}
  [1m[36m (0.2ms)[0m  [1mBEGIN[0m
  [1m[35mUser Exists (0.6ms)[0m  SELECT  1 AS one FROM "users"  WHERE "users"."session_token" = 'jmceGTlUHDD-Ch8vokcnPA' LIMIT 1
  [1m[36mUser Exists (0.4ms)[0m  [1mSELECT  1 AS one FROM "users"  WHERE "users"."username" = 'human1' LIMIT 1[0m
  [1m[35m (0.3ms)[0m  ROLLBACK
  Rendered users/new.html.erb within layouts/application (0.1ms)
Completed 200 OK in 172ms (Views: 38.0ms | ActiveRecord: 4.0ms)


Started GET "/assets/application.css?body=1" for 127.0.0.1 at 2014-11-03 13:21:50 -0800


Started GET "/assets/jquery.js?body=1" for 127.0.0.1 at 2014-11-03 13:21:50 -0800


Started GET "/assets/jquery_ujs.js?body=1" for 127.0.0.1 at 2014-11-03 13:21:50 -0800


Started GET "/assets/turbolinks.js?body=1" for 127.0.0.1 at 2014-11-03 13:21:50 -0800


Started GET "/assets/application.js?body=1" for 127.0.0.1 at 2014-11-03 13:21:50 -0800


Started POST "/users" for 127.0.0.1 at 2014-11-03 13:21:52 -0800
Processing by UsersController#create as HTML
  Parameters: {"authenticity_token"=>"bTpQK5uqeRxV7vx0SlmQby3JkVeRF0VtpcEH9EhznBI=", "user"=>{"username"=>"human1", "password"=>"[FILTERED]"}}
  [1m[36m (0.4ms)[0m  [1mBEGIN[0m
  [1m[35mUser Exists (0.5ms)[0m  SELECT  1 AS one FROM "users"  WHERE "users"."session_token" = 'uFOMoqmgfgYr23mGxI20Ew' LIMIT 1
  [1m[36mUser Exists (0.4ms)[0m  [1mSELECT  1 AS one FROM "users"  WHERE "users"."username" = 'human1' LIMIT 1[0m
  [1m[35m (0.2ms)[0m  ROLLBACK
  Rendered users/new.html.erb within layouts/application (0.1ms)
Completed 200 OK in 124ms (Views: 42.4ms | ActiveRecord: 1.4ms)


Started GET "/assets/application.css?body=1" for 127.0.0.1 at 2014-11-03 13:21:52 -0800


Started GET "/assets/application.js?body=1" for 127.0.0.1 at 2014-11-03 13:21:52 -0800


Started GET "/assets/jquery_ujs.js?body=1" for 127.0.0.1 at 2014-11-03 13:21:52 -0800


Started GET "/assets/jquery.js?body=1" for 127.0.0.1 at 2014-11-03 13:21:52 -0800


Started GET "/assets/turbolinks.js?body=1" for 127.0.0.1 at 2014-11-03 13:21:52 -0800


Started POST "/users" for 127.0.0.1 at 2014-11-03 13:21:57 -0800
Processing by UsersController#create as HTML
  Parameters: {"authenticity_token"=>"bTpQK5uqeRxV7vx0SlmQby3JkVeRF0VtpcEH9EhznBI=", "user"=>{"username"=>"human2", "password"=>"[FILTERED]"}}
  [1m[36m (0.3ms)[0m  [1mBEGIN[0m
  [1m[35mUser Exists (0.4ms)[0m  SELECT  1 AS one FROM "users"  WHERE "users"."session_token" = 'JG9TzSftyWkhwHQ0s3fxNw' LIMIT 1
  [1m[36mUser Exists (0.3ms)[0m  [1mSELECT  1 AS one FROM "users"  WHERE "users"."username" = 'human2' LIMIT 1[0m
  [1m[35mSQL (0.3ms)[0m  INSERT INTO "users" ("created_at", "password_digest", "session_token", "updated_at", "username") VALUES ($1, $2, $3, $4, $5) RETURNING "id"  [["created_at", "2014-11-03 21:21:57.972407"], ["password_digest", "$2a$10$FowoxzyNjSuqshwG4P1H9eaLAbX.gXarX9FgVO6T5vwSKKw3huocS"], ["session_token", "JG9TzSftyWkhwHQ0s3fxNw"], ["updated_at", "2014-11-03 21:21:57.972407"], ["username", "human2"]]
  [1m[36m (0.4ms)[0m  [1mCOMMIT[0m
Completed 500 Internal Server Error in 82ms

RuntimeError ():
  app/controllers/users_controller.rb:14:in `create'


  Rendered /Users/appacademy/.rbenv/versions/2.1.2/lib/ruby/gems/2.1.0/gems/actionpack-4.1.1/lib/action_dispatch/middleware/templates/rescues/_source.erb (0.8ms)
  Rendered /Users/appacademy/.rbenv/versions/2.1.2/lib/ruby/gems/2.1.0/gems/actionpack-4.1.1/lib/action_dispatch/middleware/templates/rescues/_trace.html.erb (1.2ms)
  Rendered /Users/appacademy/.rbenv/versions/2.1.2/lib/ruby/gems/2.1.0/gems/actionpack-4.1.1/lib/action_dispatch/middleware/templates/rescues/_request_and_response.html.erb (1.1ms)
  Rendered /Users/appacademy/.rbenv/versions/2.1.2/lib/ruby/gems/2.1.0/gems/actionpack-4.1.1/lib/action_dispatch/middleware/templates/rescues/diagnostics.erb within rescues/layout (27.7ms)


Started GET "/cats" for 127.0.0.1 at 2014-11-03 13:25:30 -0800

ActionController::RoutingError (No route matches [GET] "/cats"):
  actionpack (4.1.1) lib/action_dispatch/middleware/debug_exceptions.rb:21:in `call'
  actionpack (4.1.1) lib/action_dispatch/middleware/show_exceptions.rb:30:in `call'
  railties (4.1.1) lib/rails/rack/logger.rb:38:in `call_app'
  railties (4.1.1) lib/rails/rack/logger.rb:20:in `block in call'
  activesupport (4.1.1) lib/active_support/tagged_logging.rb:68:in `block in tagged'
  activesupport (4.1.1) lib/active_support/tagged_logging.rb:26:in `tagged'
  activesupport (4.1.1) lib/active_support/tagged_logging.rb:68:in `tagged'
  railties (4.1.1) lib/rails/rack/logger.rb:20:in `call'
  actionpack (4.1.1) lib/action_dispatch/middleware/request_id.rb:21:in `call'
  rack (1.5.2) lib/rack/methodoverride.rb:21:in `call'
  rack (1.5.2) lib/rack/runtime.rb:17:in `call'
  activesupport (4.1.1) lib/active_support/cache/strategy/local_cache_middleware.rb:26:in `call'
  rack (1.5.2) lib/rack/lock.rb:17:in `call'
  actionpack (4.1.1) lib/action_dispatch/middleware/static.rb:64:in `call'
  rack (1.5.2) lib/rack/sendfile.rb:112:in `call'
  railties (4.1.1) lib/rails/engine.rb:514:in `call'
  railties (4.1.1) lib/rails/application.rb:144:in `call'
  rack (1.5.2) lib/rack/lock.rb:17:in `call'
  rack (1.5.2) lib/rack/content_length.rb:14:in `call'
  rack (1.5.2) lib/rack/handler/webrick.rb:60:in `service'
  /Users/appacademy/.rbenv/versions/2.1.2/lib/ruby/2.1.0/webrick/httpserver.rb:138:in `service'
  /Users/appacademy/.rbenv/versions/2.1.2/lib/ruby/2.1.0/webrick/httpserver.rb:94:in `run'
  /Users/appacademy/.rbenv/versions/2.1.2/lib/ruby/2.1.0/webrick/server.rb:295:in `block in start_thread'


  Rendered /Users/appacademy/.rbenv/versions/2.1.2/lib/ruby/gems/2.1.0/gems/actionpack-4.1.1/lib/action_dispatch/middleware/templates/rescues/_trace.html.erb (1.1ms)
  Rendered /Users/appacademy/.rbenv/versions/2.1.2/lib/ruby/gems/2.1.0/gems/actionpack-4.1.1/lib/action_dispatch/middleware/templates/routes/_route.html.erb (0.9ms)
  Rendered /Users/appacademy/.rbenv/versions/2.1.2/lib/ruby/gems/2.1.0/gems/actionpack-4.1.1/lib/action_dispatch/middleware/templates/routes/_table.html.erb (19.7ms)
  Rendered /Users/appacademy/.rbenv/versions/2.1.2/lib/ruby/gems/2.1.0/gems/actionpack-4.1.1/lib/action_dispatch/middleware/templates/rescues/routing_error.html.erb within rescues/layout (53.7ms)


Started GET "/users/new" for 127.0.0.1 at 2014-11-03 13:25:32 -0800
Processing by UsersController#new as HTML
  Rendered users/new.html.erb within layouts/application (0.1ms)
Completed 200 OK in 39ms (Views: 38.4ms | ActiveRecord: 0.0ms)


Started GET "/assets/users.css?body=1" for 127.0.0.1 at 2014-11-03 13:25:32 -0800


Started GET "/assets/users.js?body=1" for 127.0.0.1 at 2014-11-03 13:25:32 -0800


Started GET "/assets/jquery_ujs.js?body=1" for 127.0.0.1 at 2014-11-03 13:25:32 -0800


Started GET "/assets/turbolinks.js?body=1" for 127.0.0.1 at 2014-11-03 13:25:32 -0800


Started GET "/assets/application.css?body=1" for 127.0.0.1 at 2014-11-03 13:25:32 -0800


Started GET "/assets/jquery.js?body=1" for 127.0.0.1 at 2014-11-03 13:25:32 -0800


Started GET "/assets/application.js?body=1" for 127.0.0.1 at 2014-11-03 13:25:32 -0800


Started GET "/users/1" for 127.0.0.1 at 2014-11-03 13:25:33 -0800
Processing by UsersController#show as HTML
  Parameters: {"id"=>"1"}
  Rendered users/show.html.erb within layouts/application (0.6ms)
Completed 500 Internal Server Error in 3ms

ActionView::Template::Error (undefined method `username' for nil:NilClass):
    1: <%= @user.username %>
  app/views/users/show.html.erb:1:in `_app_views_users_show_html_erb___2036901883579044359_70273712312300'
  app/controllers/users_controller.rb:22:in `show'


  Rendered /Users/appacademy/.rbenv/versions/2.1.2/lib/ruby/gems/2.1.0/gems/actionpack-4.1.1/lib/action_dispatch/middleware/templates/rescues/_trace.html.erb (1.1ms)
  Rendered /Users/appacademy/.rbenv/versions/2.1.2/lib/ruby/gems/2.1.0/gems/actionpack-4.1.1/lib/action_dispatch/middleware/templates/rescues/_request_and_response.html.erb (1.1ms)
  Rendered /Users/appacademy/.rbenv/versions/2.1.2/lib/ruby/gems/2.1.0/gems/actionpack-4.1.1/lib/action_dispatch/middleware/templates/rescues/template_error.html.erb within rescues/layout (11.5ms)


Started POST "/users" for 127.0.0.1 at 2014-11-03 13:25:43 -0800
Processing by UsersController#create as HTML
  Parameters: {"authenticity_token"=>"bTpQK5uqeRxV7vx0SlmQby3JkVeRF0VtpcEH9EhznBI=", "user"=>{"username"=>"human4", "password"=>"[FILTERED]"}}
  [1m[35m (0.4ms)[0m  BEGIN
  [1m[36mUser Exists (0.4ms)[0m  [1mSELECT  1 AS one FROM "users"  WHERE "users"."session_token" = 'nFigGmQ8AhEa3WGVM5uRpA' LIMIT 1[0m
  [1m[35mUser Exists (0.3ms)[0m  SELECT  1 AS one FROM "users"  WHERE "users"."username" = 'human4' LIMIT 1
  [1m[36mSQL (0.3ms)[0m  [1mINSERT INTO "users" ("created_at", "password_digest", "session_token", "updated_at", "username") VALUES ($1, $2, $3, $4, $5) RETURNING "id"[0m  [["created_at", "2014-11-03 21:25:44.044919"], ["password_digest", "$2a$10$q2Xr0kh0PoME666vR6/Ds.KN6TL.qI4ipioGRmkuM/A4LS4EmYY7y"], ["session_token", "nFigGmQ8AhEa3WGVM5uRpA"], ["updated_at", "2014-11-03 21:25:44.044919"], ["username", "human4"]]
  [1m[35m (0.4ms)[0m  COMMIT
Completed 500 Internal Server Error in 79ms

RuntimeError ():
  app/controllers/users_controller.rb:14:in `create'


  Rendered /Users/appacademy/.rbenv/versions/2.1.2/lib/ruby/gems/2.1.0/gems/actionpack-4.1.1/lib/action_dispatch/middleware/templates/rescues/_source.erb (0.8ms)
  Rendered /Users/appacademy/.rbenv/versions/2.1.2/lib/ruby/gems/2.1.0/gems/actionpack-4.1.1/lib/action_dispatch/middleware/templates/rescues/_trace.html.erb (1.2ms)
  Rendered /Users/appacademy/.rbenv/versions/2.1.2/lib/ruby/gems/2.1.0/gems/actionpack-4.1.1/lib/action_dispatch/middleware/templates/rescues/_request_and_response.html.erb (1.0ms)
  Rendered /Users/appacademy/.rbenv/versions/2.1.2/lib/ruby/gems/2.1.0/gems/actionpack-4.1.1/lib/action_dispatch/middleware/templates/rescues/diagnostics.erb within rescues/layout (16.0ms)


Started GET "/cats" for 127.0.0.1 at 2014-11-03 13:51:23 -0800

ActionController::RoutingError (No route matches [GET] "/cats"):
  actionpack (4.1.1) lib/action_dispatch/middleware/debug_exceptions.rb:21:in `call'
  actionpack (4.1.1) lib/action_dispatch/middleware/show_exceptions.rb:30:in `call'
  railties (4.1.1) lib/rails/rack/logger.rb:38:in `call_app'
  railties (4.1.1) lib/rails/rack/logger.rb:20:in `block in call'
  activesupport (4.1.1) lib/active_support/tagged_logging.rb:68:in `block in tagged'
  activesupport (4.1.1) lib/active_support/tagged_logging.rb:26:in `tagged'
  activesupport (4.1.1) lib/active_support/tagged_logging.rb:68:in `tagged'
  railties (4.1.1) lib/rails/rack/logger.rb:20:in `call'
  actionpack (4.1.1) lib/action_dispatch/middleware/request_id.rb:21:in `call'
  rack (1.5.2) lib/rack/methodoverride.rb:21:in `call'
  rack (1.5.2) lib/rack/runtime.rb:17:in `call'
  activesupport (4.1.1) lib/active_support/cache/strategy/local_cache_middleware.rb:26:in `call'
  rack (1.5.2) lib/rack/lock.rb:17:in `call'
  actionpack (4.1.1) lib/action_dispatch/middleware/static.rb:64:in `call'
  rack (1.5.2) lib/rack/sendfile.rb:112:in `call'
  railties (4.1.1) lib/rails/engine.rb:514:in `call'
  railties (4.1.1) lib/rails/application.rb:144:in `call'
  rack (1.5.2) lib/rack/lock.rb:17:in `call'
  rack (1.5.2) lib/rack/content_length.rb:14:in `call'
  rack (1.5.2) lib/rack/handler/webrick.rb:60:in `service'
  /Users/appacademy/.rbenv/versions/2.1.2/lib/ruby/2.1.0/webrick/httpserver.rb:138:in `service'
  /Users/appacademy/.rbenv/versions/2.1.2/lib/ruby/2.1.0/webrick/httpserver.rb:94:in `run'
  /Users/appacademy/.rbenv/versions/2.1.2/lib/ruby/2.1.0/webrick/server.rb:295:in `block in start_thread'


  Rendered /Users/appacademy/.rbenv/versions/2.1.2/lib/ruby/gems/2.1.0/gems/actionpack-4.1.1/lib/action_dispatch/middleware/templates/rescues/_trace.html.erb (1.3ms)
  Rendered /Users/appacademy/.rbenv/versions/2.1.2/lib/ruby/gems/2.1.0/gems/actionpack-4.1.1/lib/action_dispatch/middleware/templates/routes/_route.html.erb (1.0ms)
  Rendered /Users/appacademy/.rbenv/versions/2.1.2/lib/ruby/gems/2.1.0/gems/actionpack-4.1.1/lib/action_dispatch/middleware/templates/routes/_table.html.erb (1.0ms)
  Rendered /Users/appacademy/.rbenv/versions/2.1.2/lib/ruby/gems/2.1.0/gems/actionpack-4.1.1/lib/action_dispatch/middleware/templates/rescues/routing_error.html.erb within rescues/layout (23.1ms)


Started GET "/session/new" for 127.0.0.1 at 2014-11-03 13:51:28 -0800
Processing by SessionsController#new as HTML
  Rendered sessions/new.html.erb within layouts/application (0.7ms)
Completed 200 OK in 235ms (Views: 226.0ms | ActiveRecord: 2.4ms)


Started GET "/assets/users.css?body=1" for 127.0.0.1 at 2014-11-03 13:51:28 -0800


Started GET "/assets/application.css?body=1" for 127.0.0.1 at 2014-11-03 13:51:28 -0800


Started GET "/assets/jquery.js?body=1" for 127.0.0.1 at 2014-11-03 13:51:28 -0800


Started GET "/assets/turbolinks.js?body=1" for 127.0.0.1 at 2014-11-03 13:51:28 -0800


Started GET "/assets/jquery_ujs.js?body=1" for 127.0.0.1 at 2014-11-03 13:51:28 -0800


Started GET "/assets/sessions.css?body=1" for 127.0.0.1 at 2014-11-03 13:51:28 -0800


Started GET "/assets/users.js?body=1" for 127.0.0.1 at 2014-11-03 13:51:28 -0800


Started GET "/assets/sessions.js?body=1" for 127.0.0.1 at 2014-11-03 13:51:28 -0800


Started GET "/assets/application.js?body=1" for 127.0.0.1 at 2014-11-03 13:51:28 -0800
  [1m[36mUser Load (1.2ms)[0m  [1mSELECT "users".* FROM "users"[0m


Started POST "/session" for 127.0.0.1 at 2014-11-03 13:52:04 -0800
Processing by SessionsController#create as HTML
  Parameters: {"authenticity_token"=>"bTpQK5uqeRxV7vx0SlmQby3JkVeRF0VtpcEH9EhznBI=", "user"=>{"username"=>"human4", "password"=>"[FILTERED]"}}
  [1m[36mUser Load (0.6ms)[0m  [1mSELECT  "users".* FROM "users"  WHERE "users"."username" = 'human4' LIMIT 1[0m
Completed 500 Internal Server Error in 81ms

RuntimeError ():
  app/controllers/sessions_controller.rb:12:in `create'


  Rendered /Users/appacademy/.rbenv/versions/2.1.2/lib/ruby/gems/2.1.0/gems/actionpack-4.1.1/lib/action_dispatch/middleware/templates/rescues/_source.erb (0.7ms)
  Rendered /Users/appacademy/.rbenv/versions/2.1.2/lib/ruby/gems/2.1.0/gems/actionpack-4.1.1/lib/action_dispatch/middleware/templates/rescues/_trace.html.erb (1.2ms)
  Rendered /Users/appacademy/.rbenv/versions/2.1.2/lib/ruby/gems/2.1.0/gems/actionpack-4.1.1/lib/action_dispatch/middleware/templates/rescues/_request_and_response.html.erb (1.0ms)
  Rendered /Users/appacademy/.rbenv/versions/2.1.2/lib/ruby/gems/2.1.0/gems/actionpack-4.1.1/lib/action_dispatch/middleware/templates/rescues/diagnostics.erb within rescues/layout (16.8ms)
